# JRE version: OpenJDK Runtime Environment Temurin-17.0.8.1+1 (17.0.8.1+1) (build 17.0.8.1+1)
# Java VM: OpenJDK 64-Bit Server VM Temurin-17.0.8.1+1 (17.0.8.1+1, mixed mode, tiered, compressed oops, compressed class ptrs, parallel gc, windows-amd64)
GC Precious Log:
 CPUs: 8 total, 8 available
 Memory: 16107M
 Large Page Support: Disabled
 NUMA Support: Disabled
 Compressed Oops: Enabled (32-bit)
 Alignments: Space 512K, Generation 512K, Heap 2M
 Heap Min Capacity: 100M
 Heap Initial Capacity: 100M
 Heap Max Capacity: 1G
 Pre-touch: Disabled
 Parallel Workers: 8
Heap:
 PSYoungGen      total 21504K, used 2129K [0x00000000eab00000, 0x00000000ec680000, 0x0000000100000000)
  eden space 20480K, 5% used [0x00000000eab00000,0x00000000eac146f0,0x00000000ebf00000)
  from space 1024K, 100% used [0x00000000ec580000,0x00000000ec680000,0x00000000ec680000)
  to   space 2048K, 0% used [0x00000000ec280000,0x00000000ec280000,0x00000000ec480000)
 ParOldGen       total 117760K, used 76507K [0x00000000c0000000, 0x00000000c7300000, 0x00000000eab00000)
  object space 117760K, 64% used [0x00000000c0000000,0x00000000c4ab6c30,0x00000000c7300000)
 Metaspace       used 69814K, committed 71104K, reserved 1114112K
  class space    used 7507K, committed 8064K, reserved 1048576K
GC Heap History (20 events):
Event: 11.525 GC heap before
{Heap before GC invocations=38 (full 3):
 PSYoungGen      total 21504K, used 14716K [0x00000000eab00000, 0x00000000ec200000, 0x0000000100000000)
  eden space 20480K, 66% used [0x00000000eab00000,0x00000000eb860320,0x00000000ebf00000)
  from space 1024K, 99% used [0x00000000ec100000,0x00000000ec1fef58,0x00000000ec200000)
  to   space 1536K, 0% used [0x00000000ebf00000,0x00000000ebf00000,0x00000000ec080000)
 ParOldGen       total 68608K, used 37388K [0x00000000c0000000, 0x00000000c4300000, 0x00000000eab00000)
  object space 68608K, 54% used [0x00000000c0000000,0x00000000c2483188,0x00000000c4300000)
 Metaspace       used 64632K, committed 65728K, reserved 1114112K
  class space    used 6927K, committed 7360K, reserved 1048576K
}
Event: 11.530 GC heap after
{Heap after GC invocations=38 (full 3):
 PSYoungGen      total 22016K, used 448K [0x00000000eab00000, 0x00000000ec180000, 0x0000000100000000)
  eden space 20480K, 0% used [0x00000000eab00000,0x00000000eab00000,0x00000000ebf00000)
  from space 1536K, 29% used [0x00000000ebf00000,0x00000000ebf70000,0x00000000ec080000)
  to   space 1024K, 0% used [0x00000000ec080000,0x00000000ec080000,0x00000000ec180000)
 ParOldGen       total 68608K, used 45082K [0x00000000c0000000, 0x00000000c4300000, 0x00000000eab00000)
  object space 68608K, 65% used [0x00000000c0000000,0x00000000c2c06850,0x00000000c4300000)
 Metaspace       used 64632K, committed 65728K, reserved 1114112K
  class space    used 6927K, committed 7360K, reserved 1048576K
}
Event: 11.579 GC heap before
{Heap before GC invocations=39 (full 4):
 PSYoungGen      total 22016K, used 20928K [0x00000000eab00000, 0x00000000ec180000, 0x0000000100000000)
  eden space 20480K, 100% used [0x00000000eab00000,0x00000000ebf00000,0x00000000ebf00000)
  from space 1536K, 29% used [0x00000000ebf00000,0x00000000ebf70000,0x00000000ec080000)
  to   space 1024K, 0% used [0x00000000ec080000,0x00000000ec080000,0x00000000ec180000)
 ParOldGen       total 79872K, used 71411K [0x00000000c0000000, 0x00000000c4e00000, 0x00000000eab00000)
  object space 79872K, 89% used [0x00000000c0000000,0x00000000c45bce00,0x00000000c4e00000)
 Metaspace       used 64640K, committed 65728K, reserved 1114112K
  class space    used 6928K, committed 7360K, reserved 1048576K
}
Event: 11.618 GC heap after
{Heap after GC invocations=39 (full 4):
 PSYoungGen      total 20992K, used 0K [0x00000000eab00000, 0x00000000ec100000, 0x0000000100000000)
  eden space 20480K, 0% used [0x00000000eab00000,0x00000000eab00000,0x00000000ebf00000)
  from space 512K, 0% used [0x00000000ec080000,0x00000000ec080000,0x00000000ec100000)
  to   space 1024K, 0% used [0x00000000ebf00000,0x00000000ebf00000,0x00000000ec000000)
 ParOldGen       total 86016K, used 51611K [0x00000000c0000000, 0x00000000c5400000, 0x00000000eab00000)
  object space 86016K, 60% used [0x00000000c0000000,0x00000000c3266ca0,0x00000000c5400000)
 Metaspace       used 64640K, committed 65728K, reserved 1114112K
  class space    used 6928K, committed 7360K, reserved 1048576K
}
Event: 11.660 GC heap before
{Heap before GC invocations=40 (full 4):
 PSYoungGen      total 20992K, used 20480K [0x00000000eab00000, 0x00000000ec100000, 0x0000000100000000)
  eden space 20480K, 100% used [0x00000000eab00000,0x00000000ebf00000,0x00000000ebf00000)
  from space 512K, 0% used [0x00000000ec080000,0x00000000ec080000,0x00000000ec100000)
  to   space 1024K, 0% used [0x00000000ebf00000,0x00000000ebf00000,0x00000000ec000000)
 ParOldGen       total 86016K, used 51611K [0x00000000c0000000, 0x00000000c5400000, 0x00000000eab00000)
  object space 86016K, 60% used [0x00000000c0000000,0x00000000c3266ca0,0x00000000c5400000)
 Metaspace       used 64640K, committed 65728K, reserved 1114112K
  class space    used 6928K, committed 7360K, reserved 1048576K
}
Event: 11.667 GC heap after
{Heap after GC invocations=40 (full 4):
 PSYoungGen      total 21504K, used 1024K [0x00000000eab00000, 0x00000000ee000000, 0x0000000100000000)
  eden space 20480K, 0% used [0x00000000eab00000,0x00000000eab00000,0x00000000ebf00000)
  from space 1024K, 100% used [0x00000000ebf00000,0x00000000ec000000,0x00000000ec000000)
  to   space 16896K, 0% used [0x00000000ecf80000,0x00000000ecf80000,0x00000000ee000000)
 ParOldGen       total 86016K, used 65075K [0x00000000c0000000, 0x00000000c5400000, 0x00000000eab00000)
  object space 86016K, 75% used [0x00000000c0000000,0x00000000c3f8cca0,0x00000000c5400000)
 Metaspace       used 64640K, committed 65728K, reserved 1114112K
  class space    used 6928K, committed 7360K, reserved 1048576K
}
Event: 11.705 GC heap before
{Heap before GC invocations=41 (full 4):
 PSYoungGen      total 21504K, used 21504K [0x00000000eab00000, 0x00000000ee000000, 0x0000000100000000)
  eden space 20480K, 100% used [0x00000000eab00000,0x00000000ebf00000,0x00000000ebf00000)
  from space 1024K, 100% used [0x00000000ebf00000,0x00000000ec000000,0x00000000ec000000)
  to   space 16896K, 0% used [0x00000000ecf80000,0x00000000ecf80000,0x00000000ee000000)
 ParOldGen       total 86016K, used 65075K [0x00000000c0000000, 0x00000000c5400000, 0x00000000eab00000)
  object space 86016K, 75% used [0x00000000c0000000,0x00000000c3f8cca0,0x00000000c5400000)
 Metaspace       used 64640K, committed 65728K, reserved 1114112K
  class space    used 6928K, committed 7360K, reserved 1048576K
}
Event: 11.712 GC heap after
{Heap after GC invocations=41 (full 4):
 PSYoungGen      total 35328K, used 14496K [0x00000000eab00000, 0x00000000ede00000, 0x0000000100000000)
  eden space 20480K, 0% used [0x00000000eab00000,0x00000000eab00000,0x00000000ebf00000)
  from space 14848K, 97% used [0x00000000ecf80000,0x00000000edda8000,0x00000000ede00000)
  to   space 15360K, 0% used [0x00000000ec000000,0x00000000ec000000,0x00000000ecf00000)
 ParOldGen       total 86016K, used 66131K [0x00000000c0000000, 0x00000000c5400000, 0x00000000eab00000)
  object space 86016K, 76% used [0x00000000c0000000,0x00000000c4094ca0,0x00000000c5400000)
 Metaspace       used 64640K, committed 65728K, reserved 1114112K
  class space    used 6928K, committed 7360K, reserved 1048576K
}
Event: 12.325 GC heap before
{Heap before GC invocations=42 (full 4):
 PSYoungGen      total 35328K, used 34976K [0x00000000eab00000, 0x00000000ede00000, 0x0000000100000000)
  eden space 20480K, 100% used [0x00000000eab00000,0x00000000ebf00000,0x00000000ebf00000)
  from space 14848K, 97% used [0x00000000ecf80000,0x00000000edda8000,0x00000000ede00000)
  to   space 15360K, 0% used [0x00000000ec000000,0x00000000ec000000,0x00000000ecf00000)
 ParOldGen       total 86016K, used 66131K [0x00000000c0000000, 0x00000000c5400000, 0x00000000eab00000)
  object space 86016K, 76% used [0x00000000c0000000,0x00000000c4094ca0,0x00000000c5400000)
 Metaspace       used 65770K, committed 66944K, reserved 1114112K
  class space    used 7099K, committed 7616K, reserved 1048576K
}
Event: 12.340 GC heap after
{Heap after GC invocations=42 (full 4):
 PSYoungGen      total 29184K, used 8592K [0x00000000eab00000, 0x00000000ed500000, 0x0000000100000000)
  eden space 20480K, 0% used [0x00000000eab00000,0x00000000eab00000,0x00000000ebf00000)
  from space 8704K, 98% used [0x00000000ec000000,0x00000000ec864010,0x00000000ec880000)
  to   space 11264K, 0% used [0x00000000eca00000,0x00000000eca00000,0x00000000ed500000)
 ParOldGen       total 86016K, used 80595K [0x00000000c0000000, 0x00000000c5400000, 0x00000000eab00000)
  object space 86016K, 93% used [0x00000000c0000000,0x00000000c4eb4ca0,0x00000000c5400000)
 Metaspace       used 65770K, committed 66944K, reserved 1114112K
  class space    used 7099K, committed 7616K, reserved 1048576K
}
Event: 12.340 GC heap before
{Heap before GC invocations=43 (full 5):
 PSYoungGen      total 29184K, used 8592K [0x00000000eab00000, 0x00000000ed500000, 0x0000000100000000)
  eden space 20480K, 0% used [0x00000000eab00000,0x00000000eab00000,0x00000000ebf00000)
  from space 8704K, 98% used [0x00000000ec000000,0x00000000ec864010,0x00000000ec880000)
  to   space 11264K, 0% used [0x00000000eca00000,0x00000000eca00000,0x00000000ed500000)
 ParOldGen       total 86016K, used 80595K [0x00000000c0000000, 0x00000000c5400000, 0x00000000eab00000)
  object space 86016K, 93% used [0x00000000c0000000,0x00000000c4eb4ca0,0x00000000c5400000)
 Metaspace       used 65770K, committed 66944K, reserved 1114112K
  class space    used 7099K, committed 7616K, reserved 1048576K
}
Event: 12.422 GC heap after
{Heap after GC invocations=43 (full 5):
 PSYoungGen      total 31744K, used 0K [0x00000000eab00000, 0x00000000ed500000, 0x0000000100000000)
  eden space 20480K, 0% used [0x00000000eab00000,0x00000000eab00000,0x00000000ebf00000)
  from space 11264K, 0% used [0x00000000eca00000,0x00000000eca00000,0x00000000ed500000)
  to   space 11264K, 0% used [0x00000000ebf00000,0x00000000ebf00000,0x00000000eca00000)
 ParOldGen       total 117760K, used 75962K [0x00000000c0000000, 0x00000000c7300000, 0x00000000eab00000)
  object space 117760K, 64% used [0x00000000c0000000,0x00000000c4a2ebf0,0x00000000c7300000)
 Metaspace       used 65770K, committed 66944K, reserved 1114112K
  class space    used 7099K, committed 7616K, reserved 1048576K
}
Event: 13.017 GC heap before
{Heap before GC invocations=44 (full 5):
 PSYoungGen      total 31744K, used 20480K [0x00000000eab00000, 0x00000000ed500000, 0x0000000100000000)
  eden space 20480K, 100% used [0x00000000eab00000,0x00000000ebf00000,0x00000000ebf00000)
  from space 11264K, 0% used [0x00000000eca00000,0x00000000eca00000,0x00000000ed500000)
  to   space 11264K, 0% used [0x00000000ebf00000,0x00000000ebf00000,0x00000000eca00000)
 ParOldGen       total 117760K, used 75962K [0x00000000c0000000, 0x00000000c7300000, 0x00000000eab00000)
  object space 117760K, 64% used [0x00000000c0000000,0x00000000c4a2ebf0,0x00000000c7300000)
 Metaspace       used 67440K, committed 68608K, reserved 1114112K
  class space    used 7254K, committed 7744K, reserved 1048576K
}
Event: 13.020 GC heap after
{Heap after GC invocations=44 (full 5):
 PSYoungGen      total 22016K, used 1264K [0x00000000eab00000, 0x00000000eca80000, 0x0000000100000000)
  eden space 20480K, 0% used [0x00000000eab00000,0x00000000eab00000,0x00000000ebf00000)
  from space 1536K, 82% used [0x00000000ebf00000,0x00000000ec03c010,0x00000000ec080000)
  to   space 4608K, 0% used [0x00000000ec600000,0x00000000ec600000,0x00000000eca80000)
 ParOldGen       total 117760K, used 75970K [0x00000000c0000000, 0x00000000c7300000, 0x00000000eab00000)
  object space 117760K, 64% used [0x00000000c0000000,0x00000000c4a30bf0,0x00000000c7300000)
 Metaspace       used 67440K, committed 68608K, reserved 1114112K
  class space    used 7254K, committed 7744K, reserved 1048576K
}
Event: 15.082 GC heap before
{Heap before GC invocations=45 (full 5):
 PSYoungGen      total 22016K, used 21744K [0x00000000eab00000, 0x00000000eca80000, 0x0000000100000000)
  eden space 20480K, 100% used [0x00000000eab00000,0x00000000ebf00000,0x00000000ebf00000)
  from space 1536K, 82% used [0x00000000ebf00000,0x00000000ec03c010,0x00000000ec080000)
  to   space 4608K, 0% used [0x00000000ec600000,0x00000000ec600000,0x00000000eca80000)
 ParOldGen       total 117760K, used 75970K [0x00000000c0000000, 0x00000000c7300000, 0x00000000eab00000)
  object space 117760K, 64% used [0x00000000c0000000,0x00000000c4a30bf0,0x00000000c7300000)
 Metaspace       used 68418K, committed 69632K, reserved 1114112K
  class space    used 7349K, committed 7872K, reserved 1048576K
}
Event: 15.084 GC heap after
{Heap after GC invocations=45 (full 5):
 PSYoungGen      total 22016K, used 1152K [0x00000000eab00000, 0x00000000ec780000, 0x0000000100000000)
  eden space 20480K, 0% used [0x00000000eab00000,0x00000000eab00000,0x00000000ebf00000)
  from space 1536K, 75% used [0x00000000ec600000,0x00000000ec720000,0x00000000ec780000)
  to   space 2048K, 0% used [0x00000000ec380000,0x00000000ec380000,0x00000000ec580000)
 ParOldGen       total 117760K, used 75978K [0x00000000c0000000, 0x00000000c7300000, 0x00000000eab00000)
  object space 117760K, 64% used [0x00000000c0000000,0x00000000c4a32bf0,0x00000000c7300000)
 Metaspace       used 68418K, committed 69632K, reserved 1114112K
  class space    used 7349K, committed 7872K, reserved 1048576K
}
Event: 1863.053 GC heap before
{Heap before GC invocations=46 (full 5):
 PSYoungGen      total 22016K, used 21632K [0x00000000eab00000, 0x00000000ec780000, 0x0000000100000000)
  eden space 20480K, 100% used [0x00000000eab00000,0x00000000ebf00000,0x00000000ebf00000)
  from space 1536K, 75% used [0x00000000ec600000,0x00000000ec720000,0x00000000ec780000)
  to   space 2048K, 0% used [0x00000000ec380000,0x00000000ec380000,0x00000000ec580000)
 ParOldGen       total 117760K, used 75978K [0x00000000c0000000, 0x00000000c7300000, 0x00000000eab00000)
  object space 117760K, 64% used [0x00000000c0000000,0x00000000c4a32bf0,0x00000000c7300000)
 Metaspace       used 69585K, committed 70848K, reserved 1114112K
  class space    used 7504K, committed 8064K, reserved 1048576K
}
Event: 1863.056 GC heap after
{Heap after GC invocations=46 (full 5):
 PSYoungGen      total 22528K, used 1856K [0x00000000eab00000, 0x00000000ec680000, 0x0000000100000000)
  eden space 20480K, 0% used [0x00000000eab00000,0x00000000eab00000,0x00000000ebf00000)
  from space 2048K, 90% used [0x00000000ec380000,0x00000000ec550000,0x00000000ec580000)
  to   space 1024K, 0% used [0x00000000ec580000,0x00000000ec580000,0x00000000ec680000)
 ParOldGen       total 117760K, used 75986K [0x00000000c0000000, 0x00000000c7300000, 0x00000000eab00000)
  object space 117760K, 64% used [0x00000000c0000000,0x00000000c4a34bf0,0x00000000c7300000)
 Metaspace       used 69585K, committed 70848K, reserved 1114112K
  class space    used 7504K, committed 8064K, reserved 1048576K
}
Event: 1865.591 GC heap before
{Heap before GC invocations=47 (full 5):
 PSYoungGen      total 22528K, used 22336K [0x00000000eab00000, 0x00000000ec680000, 0x0000000100000000)
  eden space 20480K, 100% used [0x00000000eab00000,0x00000000ebf00000,0x00000000ebf00000)
  from space 2048K, 90% used [0x00000000ec380000,0x00000000ec550000,0x00000000ec580000)
  to   space 1024K, 0% used [0x00000000ec580000,0x00000000ec580000,0x00000000ec680000)
 ParOldGen       total 117760K, used 75986K [0x00000000c0000000, 0x00000000c7300000, 0x00000000eab00000)
  object space 117760K, 64% used [0x00000000c0000000,0x00000000c4a34bf0,0x00000000c7300000)
 Metaspace       used 69782K, committed 71040K, reserved 1114112K
  class space    used 7506K, committed 8064K, reserved 1048576K
}
Event: 1865.593 GC heap after
{Heap after GC invocations=47 (full 5):
 PSYoungGen      total 21504K, used 1024K [0x00000000eab00000, 0x00000000ec680000, 0x0000000100000000)
  eden space 20480K, 0% used [0x00000000eab00000,0x00000000eab00000,0x00000000ebf00000)
  from space 1024K, 100% used [0x00000000ec580000,0x00000000ec680000,0x00000000ec680000)
  to   space 2048K, 0% used [0x00000000ec280000,0x00000000ec280000,0x00000000ec480000)
 ParOldGen       total 117760K, used 76507K [0x00000000c0000000, 0x00000000c7300000, 0x00000000eab00000)
  object space 117760K, 64% used [0x00000000c0000000,0x00000000c4ab6c30,0x00000000c7300000)
 Metaspace       used 69782K, committed 71040K, reserved 1114112K
  class space    used 7506K, committed 8064K, reserved 1048576K
}

